<?xml version="1.0" encoding="UTF-8"?>
<!-- Generated by org.testng.reporters.JUnitReportReporter -->
<testsuite hostname="DESKTOP-B8QOEKQ" failures="0" tests="1" name="tests.SigninTest" time="23.299" errors="0" timestamp="2025-08-30T16:12:21 IST" skipped="0">
  <testcase classname="tests.SigninTest" name="signinTest" time="23.299"/>
</testsuite> <!-- tests.SigninTest -->
